# JRE version: OpenJDK Runtime Environment Temurin-21.0.11+10 (21.0.11+10) (build 21.0.11+10-LTS)
# Java VM: OpenJDK 64-Bit Server VM Temurin-21.0.11+10 (21.0.11+10-LTS, mixed mode, sharing, tiered, compressed oops, compressed class ptrs, g1 gc, windows-amd64)
GC Precious Log:
 CardTable entry size: 512
 Card Set container configuration: InlinePtr #cards 4 size 8 Array Of Cards #cards 16 size 48 Howl #buckets 8 coarsen threshold 3686 Howl Bitmap #cards 512 size 80 coarsen threshold 460 Card regions per heap region 1 cards per card region 4096
 CPUs: 12 total, 12 available
 Memory: 7488M
 Large Page Support: Disabled
 NUMA Support: Disabled
 Compressed Oops: Enabled (Zero based)
 Heap Region Size: 2M
 Heap Min Capacity: 8M
 Heap Initial Capacity: 118M
 Heap Max Capacity: 3G
 Pre-touch: Disabled
 Parallel Workers: 10
 Concurrent Workers: 3
 Concurrent Refinement Workers: 10
 Periodic GC: Disabled
Heap:
 garbage-first heap   total 163840K, used 75279K [0x0000000740000000, 0x0000000800000000)
  region size 2048K, 2 young (4096K), 2 survivors (4096K)
 Metaspace       used 54348K, committed 56000K, reserved 1114112K
  class space    used 7799K, committed 8640K, reserved 1048576K
GC Heap History (20 events):
Event: 5.455 GC heap after
{Heap after GC invocations=14 (full 0):
 garbage-first heap   total 118784K, used 58647K [0x0000000740000000, 0x0000000800000000)
  region size 2048K, 2 young (4096K), 2 survivors (4096K)
 Metaspace       used 44019K, committed 45120K, reserved 1114112K
  class space    used 6211K, committed 6720K, reserved 1048576K
}
Event: 5.872 GC heap before
{Heap before GC invocations=14 (full 0):
 garbage-first heap   total 118784K, used 105751K [0x0000000740000000, 0x0000000800000000)
  region size 2048K, 25 young (51200K), 2 survivors (4096K)
 Metaspace       used 47071K, committed 48448K, reserved 1114112K
  class space    used 6722K, committed 7360K, reserved 1048576K
}
Event: 5.876 GC heap after
{Heap after GC invocations=15 (full 0):
 garbage-first heap   total 118784K, used 60142K [0x0000000740000000, 0x0000000800000000)
  region size 2048K, 3 young (6144K), 3 survivors (6144K)
 Metaspace       used 47071K, committed 48448K, reserved 1114112K
  class space    used 6722K, committed 7360K, reserved 1048576K
}
Event: 6.481 GC heap before
{Heap before GC invocations=16 (full 0):
 garbage-first heap   total 118784K, used 107246K [0x0000000740000000, 0x0000000800000000)
  region size 2048K, 26 young (53248K), 3 survivors (6144K)
 Metaspace       used 52218K, committed 53952K, reserved 1114112K
  class space    used 7595K, committed 8448K, reserved 1048576K
}
Event: 6.486 GC heap after
{Heap after GC invocations=17 (full 0):
 garbage-first heap   total 118784K, used 62540K [0x0000000740000000, 0x0000000800000000)
  region size 2048K, 3 young (6144K), 3 survivors (6144K)
 Metaspace       used 52218K, committed 53952K, reserved 1114112K
  class space    used 7595K, committed 8448K, reserved 1048576K
}
Event: 6.570 GC heap before
{Heap before GC invocations=17 (full 0):
 garbage-first heap   total 118784K, used 107596K [0x0000000740000000, 0x0000000800000000)
  region size 2048K, 25 young (51200K), 3 survivors (6144K)
 Metaspace       used 52519K, committed 54144K, reserved 1114112K
  class space    used 7644K, committed 8448K, reserved 1048576K
}
Event: 6.576 GC heap after
{Heap after GC invocations=18 (full 0):
 garbage-first heap   total 120832K, used 64641K [0x0000000740000000, 0x0000000800000000)
  region size 2048K, 3 young (6144K), 3 survivors (6144K)
 Metaspace       used 52519K, committed 54144K, reserved 1114112K
  class space    used 7644K, committed 8448K, reserved 1048576K
}
Event: 6.641 GC heap before
{Heap before GC invocations=18 (full 0):
 garbage-first heap   total 120832K, used 107649K [0x0000000740000000, 0x0000000800000000)
  region size 2048K, 25 young (51200K), 3 survivors (6144K)
 Metaspace       used 52634K, committed 54336K, reserved 1114112K
  class space    used 7658K, committed 8512K, reserved 1048576K
}
Event: 6.644 GC heap after
{Heap after GC invocations=19 (full 0):
 garbage-first heap   total 163840K, used 65832K [0x0000000740000000, 0x0000000800000000)
  region size 2048K, 2 young (4096K), 2 survivors (4096K)
 Metaspace       used 52634K, committed 54336K, reserved 1114112K
  class space    used 7658K, committed 8512K, reserved 1048576K
}
Event: 7.099 GC heap before
{Heap before GC invocations=20 (full 0):
 garbage-first heap   total 163840K, used 147752K [0x0000000740000000, 0x0000000800000000)
  region size 2048K, 42 young (86016K), 2 survivors (4096K)
 Metaspace       used 53857K, committed 55488K, reserved 1114112K
  class space    used 7781K, committed 8576K, reserved 1048576K
}
Event: 7.107 GC heap after
{Heap after GC invocations=21 (full 0):
 garbage-first heap   total 163840K, used 74099K [0x0000000740000000, 0x0000000800000000)
  region size 2048K, 6 young (12288K), 6 survivors (12288K)
 Metaspace       used 53857K, committed 55488K, reserved 1114112K
  class space    used 7781K, committed 8576K, reserved 1048576K
}
Event: 7.294 GC heap before
{Heap before GC invocations=21 (full 0):
 garbage-first heap   total 163840K, used 145779K [0x0000000740000000, 0x0000000800000000)
  region size 2048K, 41 young (83968K), 6 survivors (12288K)
 Metaspace       used 54125K, committed 55744K, reserved 1114112K
  class space    used 7798K, committed 8576K, reserved 1048576K
}
Event: 7.302 GC heap after
{Heap after GC invocations=22 (full 0):
 garbage-first heap   total 163840K, used 75122K [0x0000000740000000, 0x0000000800000000)
  region size 2048K, 2 young (4096K), 2 survivors (4096K)
 Metaspace       used 54125K, committed 55744K, reserved 1114112K
  class space    used 7798K, committed 8576K, reserved 1048576K
}
Event: 7.428 GC heap before
{Heap before GC invocations=22 (full 0):
 garbage-first heap   total 163840K, used 144754K [0x0000000740000000, 0x0000000800000000)
  region size 2048K, 37 young (75776K), 2 survivors (4096K)
 Metaspace       used 54191K, committed 55808K, reserved 1114112K
  class space    used 7798K, committed 8576K, reserved 1048576K
}
Event: 7.430 GC heap after
{Heap after GC invocations=23 (full 0):
 garbage-first heap   total 163840K, used 74889K [0x0000000740000000, 0x0000000800000000)
  region size 2048K, 2 young (4096K), 2 survivors (4096K)
 Metaspace       used 54191K, committed 55808K, reserved 1114112K
  class space    used 7798K, committed 8576K, reserved 1048576K
}
Event: 7.568 GC heap before
{Heap before GC invocations=23 (full 0):
 garbage-first heap   total 163840K, used 146569K [0x0000000740000000, 0x0000000800000000)
  region size 2048K, 38 young (77824K), 2 survivors (4096K)
 Metaspace       used 54238K, committed 55808K, reserved 1114112K
  class space    used 7798K, committed 8576K, reserved 1048576K
}
Event: 7.571 GC heap after
{Heap after GC invocations=24 (full 0):
 garbage-first heap   total 163840K, used 75141K [0x0000000740000000, 0x0000000800000000)
  region size 2048K, 2 young (4096K), 2 survivors (4096K)
 Metaspace       used 54238K, committed 55808K, reserved 1114112K
  class space    used 7798K, committed 8576K, reserved 1048576K
}
Event: 7.732 GC heap before
{Heap before GC invocations=25 (full 0):
 garbage-first heap   total 163840K, used 148869K [0x0000000740000000, 0x0000000800000000)
  region size 2048K, 39 young (79872K), 2 survivors (4096K)
 Metaspace       used 54311K, committed 55936K, reserved 1114112K
  class space    used 7798K, committed 8576K, reserved 1048576K
}
Event: 7.736 GC heap after
{Heap after GC invocations=26 (full 0):
 garbage-first heap   total 163840K, used 78969K [0x0000000740000000, 0x0000000800000000)
  region size 2048K, 4 young (8192K), 4 survivors (8192K)
 Metaspace       used 54311K, committed 55936K, reserved 1114112K
  class space    used 7798K, committed 8576K, reserved 1048576K
}
Event: 7.846 GC heap before
{Heap before GC invocations=26 (full 0):
 garbage-first heap   total 163840K, used 150649K [0x0000000740000000, 0x0000000800000000)
  region size 2048K, 39 young (79872K), 4 survivors (8192K)
 Metaspace       used 54348K, committed 56000K, reserved 1114112K
  class space    used 7799K, committed 8640K, reserved 1048576K
}

