# JRE version: OpenJDK Runtime Environment Temurin-21.0.11+10 (21.0.11+10) (build 21.0.11+10-LTS)
# Java VM: OpenJDK 64-Bit Server VM Temurin-21.0.11+10 (21.0.11+10-LTS, mixed mode, sharing, tiered, compressed oops, compressed class ptrs, g1 gc, windows-amd64)
GC Precious Log:
 CardTable entry size: 512
 Card Set container configuration: InlinePtr #cards 5 size 8 Array Of Cards #cards 12 size 40 Howl #buckets 4 coarsen threshold 1843 Howl Bitmap #cards 512 size 80 coarsen threshold 460 Card regions per heap region 1 cards per card region 2048
 CPUs: 12 total, 12 available
 Memory: 7488M
 Large Page Support: Disabled
 NUMA Support: Disabled
 Compressed Oops: Enabled (32-bit)
 Heap Region Size: 1M
 Heap Min Capacity: 8M
 Heap Initial Capacity: 118M
 Heap Max Capacity: 1874M
 Pre-touch: Disabled
 Parallel Workers: 10
 Concurrent Workers: 3
 Concurrent Refinement Workers: 10
 Periodic GC: Disabled
Heap:
 garbage-first heap   total 327680K, used 165673K [0x000000008ae00000, 0x0000000100000000)
  region size 1024K, 5 young (5120K), 5 survivors (5120K)
 Metaspace       used 2145K, committed 2240K, reserved 1114112K
  class space    used 204K, committed 256K, reserved 1048576K
GC Heap History (20 events):
Event: 0.376 GC heap after
{Heap after GC invocations=1 (full 0):
 garbage-first heap   total 120832K, used 22016K [0x000000008ae00000, 0x0000000100000000)
  region size 1024K, 3 young (3072K), 3 survivors (3072K)
 Metaspace       used 1820K, committed 1920K, reserved 1114112K
  class space    used 179K, committed 256K, reserved 1048576K
}
Event: 0.440 GC heap before
{Heap before GC invocations=1 (full 0):
 garbage-first heap   total 120832K, used 35328K [0x000000008ae00000, 0x0000000100000000)
  region size 1024K, 13 young (13312K), 3 survivors (3072K)
 Metaspace       used 1916K, committed 2048K, reserved 1114112K
  class space    used 187K, committed 256K, reserved 1048576K
}
Event: 0.461 GC heap after
{Heap after GC invocations=2 (full 0):
 garbage-first heap   total 120832K, used 31744K [0x000000008ae00000, 0x0000000100000000)
  region size 1024K, 2 young (2048K), 2 survivors (2048K)
 Metaspace       used 1916K, committed 2048K, reserved 1114112K
  class space    used 187K, committed 256K, reserved 1048576K
}
Event: 0.516 GC heap before
{Heap before GC invocations=2 (full 0):
 garbage-first heap   total 120832K, used 49152K [0x000000008ae00000, 0x0000000100000000)
  region size 1024K, 19 young (19456K), 2 survivors (2048K)
 Metaspace       used 1916K, committed 2048K, reserved 1114112K
  class space    used 187K, committed 256K, reserved 1048576K
}
Event: 0.537 GC heap after
{Heap after GC invocations=3 (full 0):
 garbage-first heap   total 120832K, used 43008K [0x000000008ae00000, 0x0000000100000000)
  region size 1024K, 3 young (3072K), 3 survivors (3072K)
 Metaspace       used 1916K, committed 2048K, reserved 1114112K
  class space    used 187K, committed 256K, reserved 1048576K
}
Event: 0.608 GC heap before
{Heap before GC invocations=3 (full 0):
 garbage-first heap   total 120832K, used 69632K [0x000000008ae00000, 0x0000000100000000)
  region size 1024K, 29 young (29696K), 3 survivors (3072K)
 Metaspace       used 1922K, committed 2048K, reserved 1114112K
  class space    used 187K, committed 256K, reserved 1048576K
}
Event: 0.642 GC heap after
{Heap after GC invocations=4 (full 0):
 garbage-first heap   total 120832K, used 60928K [0x000000008ae00000, 0x0000000100000000)
  region size 1024K, 4 young (4096K), 4 survivors (4096K)
 Metaspace       used 1922K, committed 2048K, reserved 1114112K
  class space    used 187K, committed 256K, reserved 1048576K
}
Event: 0.664 GC heap before
{Heap before GC invocations=4 (full 0):
 garbage-first heap   total 120832K, used 81408K [0x000000008ae00000, 0x0000000100000000)
  region size 1024K, 24 young (24576K), 4 survivors (4096K)
 Metaspace       used 1922K, committed 2048K, reserved 1114112K
  class space    used 187K, committed 256K, reserved 1048576K
}
Event: 0.696 GC heap after
{Heap after GC invocations=5 (full 0):
 garbage-first heap   total 327680K, used 75776K [0x000000008ae00000, 0x0000000100000000)
  region size 1024K, 3 young (3072K), 3 survivors (3072K)
 Metaspace       used 1922K, committed 2048K, reserved 1114112K
  class space    used 187K, committed 256K, reserved 1048576K
}
Event: 0.766 GC heap before
{Heap before GC invocations=6 (full 0):
 garbage-first heap   total 239616K, used 116736K [0x000000008ae00000, 0x0000000100000000)
  region size 1024K, 47 young (48128K), 3 survivors (3072K)
 Metaspace       used 1922K, committed 2048K, reserved 1114112K
  class space    used 187K, committed 256K, reserved 1048576K
}
Event: 0.797 GC heap after
{Heap after GC invocations=7 (full 0):
 garbage-first heap   total 239616K, used 103424K [0x000000008ae00000, 0x0000000100000000)
  region size 1024K, 6 young (6144K), 6 survivors (6144K)
 Metaspace       used 1922K, committed 2048K, reserved 1114112K
  class space    used 187K, committed 256K, reserved 1048576K
}
Event: 0.923 GC heap before
{Heap before GC invocations=7 (full 0):
 garbage-first heap   total 239616K, used 149504K [0x000000008ae00000, 0x0000000100000000)
  region size 1024K, 51 young (52224K), 6 survivors (6144K)
 Metaspace       used 2068K, committed 2176K, reserved 1114112K
  class space    used 203K, committed 256K, reserved 1048576K
}
Event: 0.964 GC heap after
{Heap after GC invocations=8 (full 0):
 garbage-first heap   total 239616K, used 135168K [0x000000008ae00000, 0x0000000100000000)
  region size 1024K, 7 young (7168K), 7 survivors (7168K)
 Metaspace       used 2068K, committed 2176K, reserved 1114112K
  class space    used 203K, committed 256K, reserved 1048576K
}
Event: 0.974 GC heap before
{Heap before GC invocations=8 (full 0):
 garbage-first heap   total 239616K, used 139264K [0x000000008ae00000, 0x0000000100000000)
  region size 1024K, 11 young (11264K), 7 survivors (7168K)
 Metaspace       used 2068K, committed 2176K, reserved 1114112K
  class space    used 203K, committed 256K, reserved 1048576K
}
Event: 0.994 GC heap after
{Heap after GC invocations=9 (full 0):
 garbage-first heap   total 239616K, used 140288K [0x000000008ae00000, 0x0000000100000000)
  region size 1024K, 2 young (2048K), 2 survivors (2048K)
 Metaspace       used 2068K, committed 2176K, reserved 1114112K
  class space    used 203K, committed 256K, reserved 1048576K
}
Event: 1.154 GC heap before
{Heap before GC invocations=10 (full 0):
 garbage-first heap   total 239616K, used 159744K [0x000000008ae00000, 0x0000000100000000)
  region size 1024K, 36 young (36864K), 2 survivors (2048K)
 Metaspace       used 2145K, committed 2240K, reserved 1114112K
  class space    used 204K, committed 256K, reserved 1048576K
}
Event: 1.178 GC heap after
{Heap after GC invocations=11 (full 0):
 garbage-first heap   total 239616K, used 152576K [0x000000008ae00000, 0x0000000100000000)
  region size 1024K, 5 young (5120K), 5 survivors (5120K)
 Metaspace       used 2145K, committed 2240K, reserved 1114112K
  class space    used 204K, committed 256K, reserved 1048576K
}
Event: 1.242 GC heap before
{Heap before GC invocations=11 (full 0):
 garbage-first heap   total 239616K, used 183296K [0x000000008ae00000, 0x0000000100000000)
  region size 1024K, 35 young (35840K), 5 survivors (5120K)
 Metaspace       used 2145K, committed 2240K, reserved 1114112K
  class space    used 204K, committed 256K, reserved 1048576K
}
Event: 1.255 GC heap after
{Heap after GC invocations=12 (full 0):
 garbage-first heap   total 239616K, used 157696K [0x000000008ae00000, 0x0000000100000000)
  region size 1024K, 5 young (5120K), 5 survivors (5120K)
 Metaspace       used 2145K, committed 2240K, reserved 1114112K
  class space    used 204K, committed 256K, reserved 1048576K
}
Event: 1.301 GC heap before
{Heap before GC invocations=12 (full 0):
 garbage-first heap   total 239616K, used 189440K [0x000000008ae00000, 0x0000000100000000)
  region size 1024K, 36 young (36864K), 5 survivors (5120K)
 Metaspace       used 2145K, committed 2240K, reserved 1114112K
  class space    used 204K, committed 256K, reserved 1048576K
}

